{"name": "Ручка /api/v1/courier", "status": "failed", "statusDetails": {"message": "AssertionError: assert 409 == 400\n +  where 409 = <Response [409]>.status_code", "trace": "self = <tests.test_create_courier.TestCreateCourier object at 0x000002C1679B3110>, login = 'None', password = 'None', firstname = None\n\n    @allure.title(\"Ручка /api/v1/courier\")\n    @allure.description(\"Пробуем создать курьера, комбинируя варианты заполнения обязательных полей\")\n    @pytest.mark.parametrize(\n        \"login, password, firstname\",\n            [\n                Courier.COURIER_0,\n                Courier.COURIER_1,\n                Courier.COURIER_2,\n                Courier.COURIER_3,\n                Courier.COURIER_4,\n                Courier.COURIER_5,\n                Courier.COURIER_6\n            ]\n    )\n    def test_create_courier_empty_field_error(self, login, password, firstname):\n    \n        payload = \\\n            {\n                \"login\": login,\n                \"password\": password,\n                \"firstName\": firstname\n            }\n        with allure.step('Запрос на создание курьера с комбинацией заполненности полей'):\n            response = requests.post(Urls.URL_MAIN + Urls.URL_CREATE_COURIER, data=payload)\n    \n        with allure.step('Проверки на статус и ответ'):\n>           assert response.status_code == 400\nE           assert 409 == 400\nE            +  where 409 = <Response [409]>.status_code\n\ntests\\test_create_courier.py:75: AssertionError"}, "description": "Пробуем создать курьера, комбинируя варианты заполнения обязательных полей", "steps": [{"name": "Запрос на создание курьера с комбинацией заполненности полей", "status": "passed", "start": 1743104193611, "stop": 1743104193729}, {"name": "Проверки на статус и ответ", "status": "failed", "statusDetails": {"message": "AssertionError: assert 409 == 400\n +  where 409 = <Response [409]>.status_code\n", "trace": "  File \"C:\\Users\\doggf\\PycharmProjects\\Sprint_7\\tests\\test_create_courier.py\", line 75, in test_create_courier_empty_field_error\n    assert response.status_code == 400\n"}, "start": 1743104193729, "stop": 1743104193729}], "parameters": [{"name": "login", "value": "'None'"}, {"name": "password", "value": "'None'"}, {"name": "firstname", "value": "None"}], "start": 1743104193610, "stop": 1743104193731, "uuid": "845bca78-a1b6-4f3c-9ff6-d11c4d82cb96", "historyId": "b5ff3e0701f58a1c6a732bf23fa875cf", "testCaseId": "5c78d27a1877618d366241727e3ff1df", "fullName": "tests.test_create_courier.TestCreateCourier#test_create_courier_empty_field_error", "labels": [{"name": "parentSuite", "value": "tests"}, {"name": "suite", "value": "test_create_courier"}, {"name": "subSuite", "value": "TestCreateCourier"}, {"name": "host", "value": "DESKTOP-L3FF6PO"}, {"name": "thread", "value": "20604-MainThread"}, {"name": "framework", "value": "pytest"}, {"name": "language", "value": "cpython3"}, {"name": "package", "value": "tests.test_create_courier"}]}